2026-06-05 04:42:20.139 | INFO     | src.data_fetcher:fetch_data:90 - ✅ Data pulled for 2019-03-05 - 2019-05-04
2026-06-05 04:42:25.252 | INFO     | src.data_fetcher:fetch_data:90 - ✅ Data pulled for 2019-05-05 - 2019-07-04
2026-06-05 04:42:30.367 | INFO     | src.data_fetcher:fetch_data:90 - ✅ Data pulled for 2019-07-05 - 2019-09-03
2026-06-05 04:42:35.480 | INFO     | src.data_fetcher:fetch_data:90 - ✅ Data pulled for 2019-09-04 - 2019-11-03
2026-06-05 04:42:40.594 | INFO     | src.data_fetcher:fetch_data:90 - ✅ Data pulled for 2019-11-04 - 2020-01-03
2026-06-05 04:42:45.706 | INFO     | src.data_fetcher:fetch_data:90 - ✅ Data pulled for 2020-01-04 - 2020-03-04
2026-06-05 04:42:50.819 | INFO     | src.data_fetcher:fetch_data:90 - ✅ Data pulled for 2020-03-05 - 2020-05-04
2026-06-05 04:42:55.933 | INFO     | src.data_fetcher:fetch_data:90 - ✅ Data pulled for 2020-05-05 - 2020-07-04
2026-06-05 04:43:01.123 | INFO     | src.data_fetcher:fetch_data:90 - ✅ Data pulled for 2020-07-05 - 2020-09-03
2026-06-05 04:43:06.240 | INFO     | src.data_fetcher:fetch_data:90 - ✅ Data pulled for 2020-09-04 - 2020-11-03
2026-06-05 04:43:12.649 | INFO     | src.data_fetcher:fetch_data:90 - ✅ Data pulled for 2020-11-04 - 2021-01-03
2026-06-05 04:43:18.203 | INFO     | src.data_fetcher:fetch_data:90 - ✅ Data pulled for 2021-01-04 - 2021-03-05
2026-06-05 04:43:24.080 | INFO     | src.data_fetcher:fetch_data:90 - ✅ Data pulled for 2021-03-06 - 2021-05-05
2026-06-05 04:43:29.699 | INFO     | src.data_fetcher:fetch_data:90 - ✅ Data pulled for 2021-05-06 - 2021-07-05
2026-06-05 04:43:35.495 | INFO     | src.data_fetcher:fetch_data:90 - ✅ Data pulled for 2021-07-06 - 2021-09-04
2026-06-05 04:43:41.551 | INFO     | src.data_fetcher:fetch_data:90 - ✅ Data pulled for 2021-09-05 - 2021-11-04
2026-06-05 04:43:47.466 | INFO     | src.data_fetcher:fetch_data:90 - ✅ Data pulled for 2021-11-05 - 2022-01-04
2026-06-05 04:43:53.288 | INFO     | src.data_fetcher:fetch_data:90 - ✅ Data pulled for 2022-01-05 - 2022-03-06
2026-06-05 04:43:59.010 | INFO     | src.data_fetcher:fetch_data:90 - ✅ Data pulled for 2022-03-07 - 2022-05-06
2026-06-05 04:44:04.614 | INFO     | src.data_fetcher:fetch_data:90 - ✅ Data pulled for 2022-05-07 - 2022-07-06
2026-06-05 04:44:10.280 | INFO     | src.data_fetcher:fetch_data:90 - ✅ Data pulled for 2022-07-07 - 2022-09-05
2026-06-05 04:44:15.900 | INFO     | src.data_fetcher:fetch_data:90 - ✅ Data pulled for 2022-09-06 - 2022-11-05
2026-06-05 04:44:21.508 | INFO     | src.data_fetcher:fetch_data:90 - ✅ Data pulled for 2022-11-06 - 2023-01-05
2026-06-05 04:44:27.188 | INFO     | src.data_fetcher:fetch_data:90 - ✅ Data pulled for 2023-01-06 - 2023-03-07
2026-06-05 04:44:32.803 | INFO     | src.data_fetcher:fetch_data:90 - ✅ Data pulled for 2023-03-08 - 2023-05-07
2026-06-05 04:44:38.545 | INFO     | src.data_fetcher:fetch_data:90 - ✅ Data pulled for 2023-05-08 - 2023-07-07
2026-06-05 04:44:44.211 | INFO     | src.data_fetcher:fetch_data:90 - ✅ Data pulled for 2023-07-08 - 2023-09-06
2026-06-05 04:44:49.793 | INFO     | src.data_fetcher:fetch_data:90 - ✅ Data pulled for 2023-09-07 - 2023-11-06
2026-06-05 04:44:55.663 | INFO     | src.data_fetcher:fetch_data:90 - ✅ Data pulled for 2023-11-07 - 2024-01-06
2026-06-05 04:45:01.487 | INFO     | src.data_fetcher:fetch_data:90 - ✅ Data pulled for 2024-01-07 - 2024-03-07
2026-06-05 04:45:07.555 | INFO     | src.data_fetcher:fetch_data:90 - ✅ Data pulled for 2024-03-08 - 2024-05-07
2026-06-05 04:45:13.337 | INFO     | src.data_fetcher:fetch_data:90 - ✅ Data pulled for 2024-05-08 - 2024-07-07
2026-06-05 04:45:18.950 | INFO     | src.data_fetcher:fetch_data:90 - ✅ Data pulled for 2024-07-08 - 2024-09-06
2026-06-05 04:45:24.567 | INFO     | src.data_fetcher:fetch_data:90 - ✅ Data pulled for 2024-09-07 - 2024-11-06
2026-06-05 04:45:30.174 | INFO     | src.data_fetcher:fetch_data:90 - ✅ Data pulled for 2024-11-07 - 2025-01-06
2026-06-05 04:45:35.830 | INFO     | src.data_fetcher:fetch_data:90 - ✅ Data pulled for 2025-01-07 - 2025-03-08
2026-06-05 04:45:41.829 | INFO     | src.data_fetcher:fetch_data:90 - ✅ Data pulled for 2025-03-09 - 2025-05-08
2026-06-05 04:45:48.049 | INFO     | src.data_fetcher:fetch_data:90 - ✅ Data pulled for 2025-05-09 - 2025-07-08
2026-06-05 04:45:54.774 | INFO     | src.data_fetcher:fetch_data:90 - ✅ Data pulled for 2025-07-09 - 2025-09-07
2026-06-05 04:46:00.693 | INFO     | src.data_fetcher:fetch_data:90 - ✅ Data pulled for 2025-09-08 - 2025-11-07
2026-06-05 04:46:06.399 | INFO     | src.data_fetcher:fetch_data:90 - ✅ Data pulled for 2025-11-08 - 2026-01-07
2026-06-05 04:46:12.283 | INFO     | src.data_fetcher:fetch_data:90 - ✅ Data pulled for 2026-01-08 - 2026-03-09
2026-06-05 04:46:18.229 | INFO     | src.data_fetcher:fetch_data:90 - ✅ Data pulled for 2026-03-10 - 2026-05-09
2026-06-05 04:46:23.770 | INFO     | src.data_fetcher:fetch_data:90 - ✅ Data pulled for 2026-05-10 - 2026-06-05
2026-06-05 04:46:29.115 | INFO     | src.data_fetcher:fetch_data:111 - ✔ AQI Data saved to `aqi_data_2016-2026.csv`
2026-06-05 04:46:29.125 | INFO     | __main__:main:35 - Data download completed...
2026-06-05 04:46:29.125 | INFO     | __main__:main:37 - Data Loading & Cleaning...
2026-06-05 04:46:29.249 | INFO     | src.data_cleaner:clean_data:84 - 
Data Quality Report:  
Total rows: 43376
Total columns: 10
2026-06-05 04:46:29.251 | INFO     | src.data_cleaner:clean_data:85 - 
Missing values after cleaning:  
timestamp    0
aqi          0
no           0
pm2_5        0
pm10         0
co           0
no2          0
so2          0
o3           0
nh3          0
dtype: int64
2026-06-05 04:46:29.251 | INFO     | src.data_cleaner:clean_data:86 - 
Data types: 
timestamp    datetime64[ns]
aqi                 float64
no                  float64
pm2_5               float64
pm10                float64
co                  float64
no2                 float64
so2                 float64
o3                  float64
nh3                 float64
dtype: object
2026-06-05 04:46:29.252 | INFO     | __main__:main:41 - Data Loading & Cleaning Completed.
2026-06-05 04:46:29.252 | INFO     | __main__:main:43 - Feature Engineering...
2026-06-05 04:46:29.392 | INFO     | __main__:main:46 - Feature Engineering Completed.
2026-06-05 04:46:29.393 | INFO     | __main__:main:48 - Feature Selection...
2026-06-05 04:46:29.393 | INFO     | __main__:main:50 - Performing correlation analysis...
2026-06-05 04:46:29.428 | INFO     | __main__:main:53 - 
Dropped highly correlated features: 
['pm2_5', 'pm10', 'nh3', 'aqi_above_3_count_24h']
2026-06-05 04:46:29.428 | INFO     | __main__:main:54 - Correlation analysis completed.
2026-06-05 04:46:29.428 | INFO     | __main__:main:58 - Feature importance analysis...
2026-06-05 04:46:33.921 | INFO     | __main__:main:61 - Top feature importances: 
co                      0.187359
aqi_rolling_mean_24h    0.161188
so2                     0.124951
no2                     0.113721
aqi_rolling_max_24h     0.080574
pm2_5_pm10_ratio        0.074666
o3                      0.074041
aqi_trend               0.041177
hour                    0.033847
season                  0.029417
month                   0.025421
no                      0.021121
day                     0.019820
weekday                 0.012696
dtype: float64
2026-06-05 04:46:33.922 | INFO     | __main__:main:62 - Feature importance analysis completed.
2026-06-05 04:46:33.922 | INFO     | __main__:main:65 - Splitting data into train, validation, and test sets...
2026-06-05 04:46:33.925 | INFO     | __main__:main:68 - 
Train shape: 
(30363, 20)
 Val shape: (6506, 20)
 Test shape: (6507, 20)
2026-06-05 04:46:33.925 | INFO     | __main__:main:69 - Data splitting completed.
2026-06-05 04:46:33.925 | INFO     | __main__:main:72 - Saving features to CSV files...
2026-06-05 04:46:34.359 | INFO     | __main__:main:76 - Features saved successfully.
