2025-06-13 19:35:43.775 | INFO     | __main__:main:29 - Starting feature pipeline...
2025-06-13 19:35:43.777 | INFO     | __main__:main:33 - Data downloading from API...
2025-06-13 19:35:44.456 | INFO     | src.data_fetcher:fetch_data:90 - ✅ Data pulled for 2016-01-01 - 2016-03-01
2025-06-13 19:35:49.965 | INFO     | src.data_fetcher:fetch_data:90 - ✅ Data pulled for 2016-03-02 - 2016-05-01
2025-06-13 19:35:55.459 | INFO     | src.data_fetcher:fetch_data:90 - ✅ Data pulled for 2016-05-02 - 2016-07-01
2025-06-13 19:36:00.966 | INFO     | src.data_fetcher:fetch_data:90 - ✅ Data pulled for 2016-07-02 - 2016-08-31
2025-06-13 19:36:06.200 | INFO     | src.data_fetcher:fetch_data:90 - ✅ Data pulled for 2016-09-01 - 2016-10-31
2025-06-13 19:36:11.423 | INFO     | src.data_fetcher:fetch_data:90 - ✅ Data pulled for 2016-11-01 - 2016-12-31
2025-06-13 19:36:16.725 | INFO     | src.data_fetcher:fetch_data:90 - ✅ Data pulled for 2017-01-01 - 2017-03-02
2025-06-13 19:36:21.960 | INFO     | src.data_fetcher:fetch_data:90 - ✅ Data pulled for 2017-03-03 - 2017-05-02
2025-06-13 19:36:27.181 | INFO     | src.data_fetcher:fetch_data:90 - ✅ Data pulled for 2017-05-03 - 2017-07-02
2025-06-13 19:36:32.412 | INFO     | src.data_fetcher:fetch_data:90 - ✅ Data pulled for 2017-07-03 - 2017-09-01
2025-06-13 19:36:37.646 | INFO     | src.data_fetcher:fetch_data:90 - ✅ Data pulled for 2017-09-02 - 2017-11-01
2025-06-13 19:36:42.879 | INFO     | src.data_fetcher:fetch_data:90 - ✅ Data pulled for 2017-11-02 - 2018-01-01
2025-06-13 19:36:48.120 | INFO     | src.data_fetcher:fetch_data:90 - ✅ Data pulled for 2018-01-02 - 2018-03-03
2025-06-13 19:36:53.360 | INFO     | src.data_fetcher:fetch_data:90 - ✅ Data pulled for 2018-03-04 - 2018-05-03
2025-06-13 19:36:58.588 | INFO     | src.data_fetcher:fetch_data:90 - ✅ Data pulled for 2018-05-04 - 2018-07-03
2025-06-13 19:37:03.826 | INFO     | src.data_fetcher:fetch_data:90 - ✅ Data pulled for 2018-07-04 - 2018-09-02
2025-06-13 19:37:09.062 | INFO     | src.data_fetcher:fetch_data:90 - ✅ Data pulled for 2018-09-03 - 2018-11-02
2025-06-13 19:37:14.286 | INFO     | src.data_fetcher:fetch_data:90 - ✅ Data pulled for 2018-11-03 - 2019-01-02
2025-06-13 19:37:19.520 | INFO     | src.data_fetcher:fetch_data:90 - ✅ Data pulled for 2019-01-03 - 2019-03-04
2025-06-13 19:37:24.757 | INFO     | src.data_fetcher:fetch_data:90 - ✅ Data pulled for 2019-03-05 - 2019-05-04
2025-06-13 19:37:29.984 | INFO     | src.data_fetcher:fetch_data:90 - ✅ Data pulled for 2019-05-05 - 2019-07-04
2025-06-13 19:37:35.226 | INFO     | src.data_fetcher:fetch_data:90 - ✅ Data pulled for 2019-07-05 - 2019-09-03
2025-06-13 19:37:40.464 | INFO     | src.data_fetcher:fetch_data:90 - ✅ Data pulled for 2019-09-04 - 2019-11-03
2025-06-13 19:37:45.686 | INFO     | src.data_fetcher:fetch_data:90 - ✅ Data pulled for 2019-11-04 - 2020-01-03
2025-06-13 19:37:50.920 | INFO     | src.data_fetcher:fetch_data:90 - ✅ Data pulled for 2020-01-04 - 2020-03-04
2025-06-13 19:37:56.154 | INFO     | src.data_fetcher:fetch_data:90 - ✅ Data pulled for 2020-03-05 - 2020-05-04
2025-06-13 19:38:01.377 | INFO     | src.data_fetcher:fetch_data:90 - ✅ Data pulled for 2020-05-05 - 2020-07-04
2025-06-13 19:38:06.611 | INFO     | src.data_fetcher:fetch_data:90 - ✅ Data pulled for 2020-07-05 - 2020-09-03
2025-06-13 19:38:11.845 | INFO     | src.data_fetcher:fetch_data:90 - ✅ Data pulled for 2020-09-04 - 2020-11-03
2025-06-13 19:38:17.766 | INFO     | src.data_fetcher:fetch_data:90 - ✅ Data pulled for 2020-11-04 - 2021-01-03
2025-06-13 19:38:23.891 | INFO     | src.data_fetcher:fetch_data:90 - ✅ Data pulled for 2021-01-04 - 2021-03-05
2025-06-13 19:38:30.322 | INFO     | src.data_fetcher:fetch_data:90 - ✅ Data pulled for 2021-03-06 - 2021-05-05
2025-06-13 19:38:36.306 | INFO     | src.data_fetcher:fetch_data:90 - ✅ Data pulled for 2021-05-06 - 2021-07-05
2025-06-13 19:38:42.408 | INFO     | src.data_fetcher:fetch_data:90 - ✅ Data pulled for 2021-07-06 - 2021-09-04
2025-06-13 19:38:48.770 | INFO     | src.data_fetcher:fetch_data:90 - ✅ Data pulled for 2021-09-05 - 2021-11-04
2025-06-13 19:38:54.814 | INFO     | src.data_fetcher:fetch_data:90 - ✅ Data pulled for 2021-11-05 - 2022-01-04
2025-06-13 19:39:00.898 | INFO     | src.data_fetcher:fetch_data:90 - ✅ Data pulled for 2022-01-05 - 2022-03-06
2025-06-13 19:39:07.191 | INFO     | src.data_fetcher:fetch_data:90 - ✅ Data pulled for 2022-03-07 - 2022-05-06
2025-06-13 19:39:13.422 | INFO     | src.data_fetcher:fetch_data:90 - ✅ Data pulled for 2022-05-07 - 2022-07-06
2025-06-13 19:39:19.438 | INFO     | src.data_fetcher:fetch_data:90 - ✅ Data pulled for 2022-07-07 - 2022-09-05
2025-06-13 19:39:25.468 | INFO     | src.data_fetcher:fetch_data:90 - ✅ Data pulled for 2022-09-06 - 2022-11-05
2025-06-13 19:39:31.691 | INFO     | src.data_fetcher:fetch_data:90 - ✅ Data pulled for 2022-11-06 - 2023-01-05
2025-06-13 19:39:37.913 | INFO     | src.data_fetcher:fetch_data:90 - ✅ Data pulled for 2023-01-06 - 2023-03-07
2025-06-13 19:39:44.051 | INFO     | src.data_fetcher:fetch_data:90 - ✅ Data pulled for 2023-03-08 - 2023-05-07
2025-06-13 19:39:50.041 | INFO     | src.data_fetcher:fetch_data:90 - ✅ Data pulled for 2023-05-08 - 2023-07-07
2025-06-13 19:39:56.153 | INFO     | src.data_fetcher:fetch_data:90 - ✅ Data pulled for 2023-07-08 - 2023-09-06
2025-06-13 19:40:02.323 | INFO     | src.data_fetcher:fetch_data:90 - ✅ Data pulled for 2023-09-07 - 2023-11-06
2025-06-13 19:40:08.317 | INFO     | src.data_fetcher:fetch_data:90 - ✅ Data pulled for 2023-11-07 - 2024-01-06
2025-06-13 19:40:14.371 | INFO     | src.data_fetcher:fetch_data:90 - ✅ Data pulled for 2024-01-07 - 2024-03-07
2025-06-13 19:40:20.480 | INFO     | src.data_fetcher:fetch_data:90 - ✅ Data pulled for 2024-03-08 - 2024-05-07
2025-06-13 19:40:26.582 | INFO     | src.data_fetcher:fetch_data:90 - ✅ Data pulled for 2024-05-08 - 2024-07-07
2025-06-13 19:40:32.623 | INFO     | src.data_fetcher:fetch_data:90 - ✅ Data pulled for 2024-07-08 - 2024-09-06
2025-06-13 19:40:38.784 | INFO     | src.data_fetcher:fetch_data:90 - ✅ Data pulled for 2024-09-07 - 2024-11-06
2025-06-13 19:40:44.889 | INFO     | src.data_fetcher:fetch_data:90 - ✅ Data pulled for 2024-11-07 - 2025-01-06
2025-06-13 19:40:51.239 | INFO     | src.data_fetcher:fetch_data:90 - ✅ Data pulled for 2025-01-07 - 2025-03-08
2025-06-13 19:40:57.692 | INFO     | src.data_fetcher:fetch_data:90 - ✅ Data pulled for 2025-03-09 - 2025-05-08
2025-06-13 19:41:03.586 | INFO     | src.data_fetcher:fetch_data:90 - ✅ Data pulled for 2025-05-09 - 2025-06-13
2025-06-13 19:41:08.899 | INFO     | src.data_fetcher:fetch_data:111 - ✔ AQI Data saved to `aqi_data_2016-2025.csv`
2025-06-13 19:41:08.911 | INFO     | __main__:main:35 - Data download completed...
2025-06-13 19:41:08.911 | INFO     | __main__:main:37 - Data Loading & Cleaning...
2025-06-13 19:41:09.001 | INFO     | src.data_cleaner:clean_data:84 - 
Data Quality Report:  
Total rows: 38638
Total columns: 10
2025-06-13 19:41:09.003 | INFO     | src.data_cleaner:clean_data:85 - 
Missing values after cleaning:  
timestamp    0
aqi          0
no           0
pm2_5        0
pm10         0
co           0
no2          0
so2          0
o3           0
nh3          0
dtype: int64
2025-06-13 19:41:09.004 | INFO     | src.data_cleaner:clean_data:86 - 
Data types: 
timestamp    datetime64[ns]
aqi                   int64
no                  float64
pm2_5               float64
pm10                float64
co                  float64
no2                 float64
so2                 float64
o3                  float64
nh3                 float64
dtype: object
2025-06-13 19:41:09.004 | INFO     | __main__:main:41 - Data Loading & Cleaning Completed.
2025-06-13 19:41:09.004 | INFO     | __main__:main:43 - Feature Engineering...
2025-06-13 19:41:09.145 | INFO     | __main__:main:46 - Feature Engineering Completed.
2025-06-13 19:41:09.145 | INFO     | __main__:main:48 - Feature Selection...
2025-06-13 19:41:09.146 | INFO     | __main__:main:50 - Performing correlation analysis...
2025-06-13 19:41:09.177 | INFO     | __main__:main:53 - 
Dropped highly correlated features: 
['pm2_5', 'pm10', 'nh3', 'aqi_above_3_count_24h']
2025-06-13 19:41:09.177 | INFO     | __main__:main:54 - Correlation analysis completed.
2025-06-13 19:41:09.177 | INFO     | __main__:main:58 - Feature importance analysis...
2025-06-13 19:41:14.087 | INFO     | __main__:main:61 - Top feature importances: 
co                      0.178079
aqi_rolling_mean_24h    0.156714
so2                     0.108799
no2                     0.104207
aqi_rolling_max_24h     0.093450
pm2_5_pm10_ratio        0.088742
o3                      0.063698
aqi_trend               0.042072
hour                    0.036846
day                     0.029136
season                  0.028955
month                   0.027601
no                      0.023098
weekday                 0.018605
dtype: float64
2025-06-13 19:41:14.087 | INFO     | __main__:main:62 - Feature importance analysis completed.
2025-06-13 19:41:14.087 | INFO     | __main__:main:65 - Splitting data into train, validation, and test sets...
2025-06-13 19:41:14.090 | INFO     | __main__:main:68 - 
Train shape: 
(27046, 20)
 Val shape: (5796, 20)
 Test shape: (5796, 20)
2025-06-13 19:41:14.090 | INFO     | __main__:main:69 - Data splitting completed.
2025-06-13 19:41:14.090 | INFO     | __main__:main:72 - Saving features to CSV files...
2025-06-13 19:41:14.505 | INFO     | __main__:main:76 - Features saved successfully.
