{"obj": {"type": "AssignString", "path": ["sys", "description"], "value": ""}, "version": 1, "at": 1749056918.9093683}
{"obj": {"type": "AssignString", "path": ["monitoring", "48364f8d", "hostname"], "value": "DESKTOP-1N14H6M"}, "version": 2, "at": 1749056918.9093683}
{"obj": {"type": "AssignString", "path": ["sys", "hostname"], "value": "DESKTOP-1N14H6M"}, "version": 3, "at": 1749056918.9093683}
{"obj": {"type": "AssignString", "path": ["monitoring", "48364f8d", "pid"], "value": "6560"}, "version": 4, "at": 1749056918.9093683}
{"obj": {"type": "AssignString", "path": ["monitoring", "48364f8d", "tid"], "value": "7588"}, "version": 5, "at": 1749056918.9093683}
{"obj": {"type": "AddStrings", "path": ["sys", "tags"], "values": ["multi-model", "train"]}, "version": 6, "at": 1749056918.9093683}
{"obj": {"type": "AssignBool", "path": ["sys", "failed"], "value": false}, "version": 7, "at": 1749056918.9093683}
{"obj": {"type": "ClearStringLog", "path": ["monitoring", "48364f8d", "stdout"]}, "version": 8, "at": 1749056918.9093683}
{"obj": {"type": "ClearStringLog", "path": ["monitoring", "48364f8d", "stderr"]}, "version": 9, "at": 1749056918.9093683}
{"obj": {"type": "AssignString", "path": ["source_code", "entrypoint"], "value": "main.py"}, "version": 10, "at": 1749056918.9093683}
{"obj": {"type": "UploadFileSet", "path": ["source_code", "files"], "file_globs": ["C:\\Users\\user\\Desktop\\startups\\aqi_mvp\\main.py"], "reset": "False"}, "version": 11, "at": 1749056918.9093683}
{"obj": {"type": "ConfigFloatSeries", "path": ["monitoring", "48364f8d", "cpu"], "min": 0.0, "max": 100.0, "unit": "%"}, "version": 12, "at": 1749056919.333552}
{"obj": {"type": "ClearFloatLog", "path": ["monitoring", "48364f8d", "cpu"]}, "version": 13, "at": 1749056919.333552}
{"obj": {"type": "ConfigFloatSeries", "path": ["monitoring", "48364f8d", "memory"], "min": 0.0, "max": 2.998462677001953, "unit": "GB"}, "version": 14, "at": 1749056919.333552}
{"obj": {"type": "ClearFloatLog", "path": ["monitoring", "48364f8d", "memory"]}, "version": 15, "at": 1749056919.333552}
{"obj": {"type": "LogStrings", "path": ["monitoring", "48364f8d", "stderr"], "values": [{"value": "[neptune] [warning] C:\\Users\\user\\AppData\\Local\\Programs\\Python\\Python310\\lib\\site-packages\\neptune\\common\\warnings.py:92: NeptuneWarning: Info (NVML): NVML Shared Library Not Found. GPU usage metrics may not be reported. For more information, see https://docs.neptune.ai/help/nvml_error/\n", "step": null, "ts": 1749056919.333552}]}, "version": 16, "at": 1749056919.333552}
{"obj": {"type": "LogFloats", "path": ["monitoring", "48364f8d", "memory"], "values": [{"value": 2.669567108154297, "step": null, "ts": 1749056920.2420306}]}, "version": 17, "at": 1749056920.2500422}
{"obj": {"type": "AssignString", "path": ["parameters", "svc_params"], "value": "{'C': [0.1, 1, 10], 'kernel': ['rbf'], 'gamma': ['scale']}"}, "version": 18, "at": 1749056920.3362288}
{"obj": {"type": "AssignString", "path": ["parameters", "knn_params"], "value": "{'n_neighbors': [3, 7, 9], 'leaf_size': [30, 50, 70]}"}, "version": 19, "at": 1749056920.3362288}
{"obj": {"type": "AssignString", "path": ["parameters", "rf_params"], "value": "{'n_estimators': [100, 300, 500], 'max_depth': [10, 20, 50]}"}, "version": 20, "at": 1749056920.3362288}
{"obj": {"type": "AssignString", "path": ["parameters", "xgb_params"], "value": "{'n_estimators': [100, 300, 500], 'learning_rate': [0.0001, 0.001, 0.1]}"}, "version": 21, "at": 1749056920.3362288}
{"obj": {"type": "LogFloats", "path": ["monitoring", "48364f8d", "cpu"], "values": [{"value": 30.6, "step": null, "ts": 1749056930.2675257}]}, "version": 22, "at": 1749056930.2675257}
{"obj": {"type": "LogFloats", "path": ["monitoring", "48364f8d", "memory"], "values": [{"value": 2.681640625, "step": null, "ts": 1749056930.2675257}]}, "version": 23, "at": 1749056930.2675257}
{"obj": {"type": "LogFloats", "path": ["monitoring", "48364f8d", "cpu"], "values": [{"value": 14.4, "step": null, "ts": 1749056940.2865367}]}, "version": 24, "at": 1749056940.2865367}
{"obj": {"type": "LogFloats", "path": ["monitoring", "48364f8d", "memory"], "values": [{"value": 2.680248260498047, "step": null, "ts": 1749056940.2865367}]}, "version": 25, "at": 1749056940.2865367}
{"obj": {"type": "LogFloats", "path": ["monitoring", "48364f8d", "cpu"], "values": [{"value": 15.0, "step": null, "ts": 1749056950.3001564}]}, "version": 26, "at": 1749056950.3001564}
{"obj": {"type": "LogFloats", "path": ["monitoring", "48364f8d", "memory"], "values": [{"value": 2.6797828674316406, "step": null, "ts": 1749056950.3001564}]}, "version": 27, "at": 1749056950.315785}
{"obj": {"type": "LogFloats", "path": ["monitoring", "48364f8d", "cpu"], "values": [{"value": 12.8, "step": null, "ts": 1749056960.3290305}]}, "version": 28, "at": 1749056960.3290305}
{"obj": {"type": "LogFloats", "path": ["monitoring", "48364f8d", "memory"], "values": [{"value": 2.671875, "step": null, "ts": 1749056960.3290305}]}, "version": 29, "at": 1749056960.3290305}
{"obj": {"type": "LogStrings", "path": ["monitoring", "48364f8d", "stdout"], "values": [{"value": "Fitting 5 folds for each of 3 candidates, totalling 15 fits", "step": null, "ts": 1749056960.3915317}]}, "version": 30, "at": 1749056960.3915317}
{"obj": {"type": "LogStrings", "path": ["monitoring", "48364f8d", "stdout"], "values": [{"value": "\n", "step": null, "ts": 1749056960.3915317}]}, "version": 31, "at": 1749056960.3915317}
{"obj": {"type": "LogFloats", "path": ["monitoring", "48364f8d", "cpu"], "values": [{"value": 99.4, "step": null, "ts": 1749056970.377472}]}, "version": 32, "at": 1749056970.377472}
{"obj": {"type": "LogFloats", "path": ["monitoring", "48364f8d", "memory"], "values": [{"value": 2.6706008911132812, "step": null, "ts": 1749056970.377472}]}, "version": 33, "at": 1749056970.377472}
{"obj": {"type": "LogFloats", "path": ["monitoring", "48364f8d", "cpu"], "values": [{"value": 100.0, "step": null, "ts": 1749056980.3851542}]}, "version": 34, "at": 1749056980.3851542}
{"obj": {"type": "LogFloats", "path": ["monitoring", "48364f8d", "memory"], "values": [{"value": 2.6554946899414062, "step": null, "ts": 1749056980.3851542}]}, "version": 35, "at": 1749056980.3851542}
{"obj": {"type": "LogFloats", "path": ["monitoring", "48364f8d", "cpu"], "values": [{"value": 100.0, "step": null, "ts": 1749056990.415228}]}, "version": 36, "at": 1749056990.4308608}
{"obj": {"type": "LogFloats", "path": ["monitoring", "48364f8d", "memory"], "values": [{"value": 2.6537246704101562, "step": null, "ts": 1749056990.415228}]}, "version": 37, "at": 1749056990.4308608}
{"obj": {"type": "LogStrings", "path": ["monitoring", "48364f8d", "stdout"], "values": [{"value": "[CV] END .....................C=0.1, gamma=scale, kernel=rbf; total time=  20.4s", "step": null, "ts": 1749056990.571489}]}, "version": 38, "at": 1749056990.571489}
{"obj": {"type": "LogStrings", "path": ["monitoring", "48364f8d", "stdout"], "values": [{"value": "\n", "step": null, "ts": 1749056990.5871115}]}, "version": 39, "at": 1749056990.5871115}
{"obj": {"type": "LogFloats", "path": ["monitoring", "48364f8d", "cpu"], "values": [{"value": 100.0, "step": null, "ts": 1749057000.443253}]}, "version": 40, "at": 1749057000.443253}
{"obj": {"type": "LogFloats", "path": ["monitoring", "48364f8d", "memory"], "values": [{"value": 2.7026519775390625, "step": null, "ts": 1749057000.443253}]}, "version": 41, "at": 1749057000.443253}
{"obj": {"type": "LogFloats", "path": ["monitoring", "48364f8d", "cpu"], "values": [{"value": 100.0, "step": null, "ts": 1749057010.4881399}]}, "version": 42, "at": 1749057010.4881399}
{"obj": {"type": "LogFloats", "path": ["monitoring", "48364f8d", "memory"], "values": [{"value": 2.682281494140625, "step": null, "ts": 1749057010.4881399}]}, "version": 43, "at": 1749057010.4881399}
{"obj": {"type": "LogFloats", "path": ["monitoring", "48364f8d", "cpu"], "values": [{"value": 100.0, "step": null, "ts": 1749057020.5232482}]}, "version": 44, "at": 1749057020.5232482}
{"obj": {"type": "LogFloats", "path": ["monitoring", "48364f8d", "memory"], "values": [{"value": 2.6733245849609375, "step": null, "ts": 1749057020.5232482}]}, "version": 45, "at": 1749057020.5232482}
{"obj": {"type": "LogFloats", "path": ["monitoring", "48364f8d", "cpu"], "values": [{"value": 100.0, "step": null, "ts": 1749057030.5483463}]}, "version": 46, "at": 1749057030.5483463}
{"obj": {"type": "LogFloats", "path": ["monitoring", "48364f8d", "memory"], "values": [{"value": 2.6655654907226562, "step": null, "ts": 1749057030.5483463}]}, "version": 47, "at": 1749057030.5483463}
{"obj": {"type": "LogFloats", "path": ["monitoring", "48364f8d", "cpu"], "values": [{"value": 100.0, "step": null, "ts": 1749057040.5987287}]}, "version": 48, "at": 1749057040.5987287}
{"obj": {"type": "LogFloats", "path": ["monitoring", "48364f8d", "memory"], "values": [{"value": 2.6758956909179688, "step": null, "ts": 1749057040.5987287}]}, "version": 49, "at": 1749057040.5987287}
{"obj": {"type": "LogFloats", "path": ["monitoring", "48364f8d", "cpu"], "values": [{"value": 100.0, "step": null, "ts": 1749057050.61131}]}, "version": 50, "at": 1749057050.61131}
{"obj": {"type": "LogFloats", "path": ["monitoring", "48364f8d", "memory"], "values": [{"value": 2.668598175048828, "step": null, "ts": 1749057050.61131}]}, "version": 51, "at": 1749057050.61131}
{"obj": {"type": "LogFloats", "path": ["monitoring", "48364f8d", "cpu"], "values": [{"value": 100.0, "step": null, "ts": 1749057060.6959078}]}, "version": 52, "at": 1749057060.6959078}
{"obj": {"type": "LogFloats", "path": ["monitoring", "48364f8d", "memory"], "values": [{"value": 2.6705322265625, "step": null, "ts": 1749057060.6959078}]}, "version": 53, "at": 1749057060.6959078}
{"obj": {"type": "LogFloats", "path": ["monitoring", "48364f8d", "cpu"], "values": [{"value": 100.0, "step": null, "ts": 1749057070.729537}]}, "version": 54, "at": 1749057070.7300758}
{"obj": {"type": "LogFloats", "path": ["monitoring", "48364f8d", "memory"], "values": [{"value": 2.675609588623047, "step": null, "ts": 1749057070.729537}]}, "version": 55, "at": 1749057070.7300758}
{"obj": {"type": "LogFloats", "path": ["monitoring", "48364f8d", "cpu"], "values": [{"value": 100.0, "step": null, "ts": 1749057080.7414353}]}, "version": 56, "at": 1749057080.7414353}
{"obj": {"type": "LogFloats", "path": ["monitoring", "48364f8d", "memory"], "values": [{"value": 2.6726112365722656, "step": null, "ts": 1749057080.7414353}]}, "version": 57, "at": 1749057080.7414353}
{"obj": {"type": "LogFloats", "path": ["monitoring", "48364f8d", "cpu"], "values": [{"value": 100.0, "step": null, "ts": 1749057090.7520292}]}, "version": 58, "at": 1749057090.7520292}
{"obj": {"type": "LogFloats", "path": ["monitoring", "48364f8d", "memory"], "values": [{"value": 2.676532745361328, "step": null, "ts": 1749057090.7520292}]}, "version": 59, "at": 1749057090.7520292}
{"obj": {"type": "LogFloats", "path": ["monitoring", "48364f8d", "cpu"], "values": [{"value": 100.0, "step": null, "ts": 1749057100.8133059}]}, "version": 60, "at": 1749057100.8133059}
{"obj": {"type": "LogFloats", "path": ["monitoring", "48364f8d", "memory"], "values": [{"value": 2.6749420166015625, "step": null, "ts": 1749057100.8133059}]}, "version": 61, "at": 1749057100.8133059}
{"obj": {"type": "LogFloats", "path": ["monitoring", "48364f8d", "cpu"], "values": [{"value": 100.0, "step": null, "ts": 1749057110.821121}]}, "version": 62, "at": 1749057110.821121}
{"obj": {"type": "LogFloats", "path": ["monitoring", "48364f8d", "memory"], "values": [{"value": 2.673755645751953, "step": null, "ts": 1749057110.821121}]}, "version": 63, "at": 1749057110.821121}
{"obj": {"type": "LogStrings", "path": ["monitoring", "48364f8d", "stdout"], "values": [{"value": "[CV] END .....................C=0.1, gamma=scale, kernel=rbf; total time= 1.4min", "step": null, "ts": 1749057114.065298}]}, "version": 64, "at": 1749057114.065298}
{"obj": {"type": "LogStrings", "path": ["monitoring", "48364f8d", "stdout"], "values": [{"value": "\n", "step": null, "ts": 1749057114.080916}]}, "version": 65, "at": 1749057114.080916}
{"obj": {"type": "LogFloats", "path": ["monitoring", "48364f8d", "cpu"], "values": [{"value": 100.0, "step": null, "ts": 1749057120.8370197}]}, "version": 66, "at": 1749057120.8370197}
{"obj": {"type": "LogFloats", "path": ["monitoring", "48364f8d", "memory"], "values": [{"value": 2.720203399658203, "step": null, "ts": 1749057120.8370197}]}, "version": 67, "at": 1749057120.8370197}
{"obj": {"type": "LogFloats", "path": ["monitoring", "48364f8d", "cpu"], "values": [{"value": 100.0, "step": null, "ts": 1749057130.8833096}]}, "version": 68, "at": 1749057130.8833096}
{"obj": {"type": "LogFloats", "path": ["monitoring", "48364f8d", "memory"], "values": [{"value": 2.6949806213378906, "step": null, "ts": 1749057130.8833096}]}, "version": 69, "at": 1749057130.8833096}
{"obj": {"type": "LogFloats", "path": ["monitoring", "48364f8d", "cpu"], "values": [{"value": 100.0, "step": null, "ts": 1749057140.925096}]}, "version": 70, "at": 1749057140.925096}
{"obj": {"type": "LogFloats", "path": ["monitoring", "48364f8d", "memory"], "values": [{"value": 2.6800804138183594, "step": null, "ts": 1749057140.925096}]}, "version": 71, "at": 1749057140.925096}
{"obj": {"type": "LogFloats", "path": ["monitoring", "48364f8d", "cpu"], "values": [{"value": 100.0, "step": null, "ts": 1749057150.94584}]}, "version": 72, "at": 1749057150.9463778}
{"obj": {"type": "LogFloats", "path": ["monitoring", "48364f8d", "memory"], "values": [{"value": 2.6763229370117188, "step": null, "ts": 1749057150.94584}]}, "version": 73, "at": 1749057150.9463778}
{"obj": {"type": "LogFloats", "path": ["monitoring", "48364f8d", "cpu"], "values": [{"value": 100.0, "step": null, "ts": 1749057160.988834}]}, "version": 74, "at": 1749057160.988834}
{"obj": {"type": "LogFloats", "path": ["monitoring", "48364f8d", "memory"], "values": [{"value": 2.664226531982422, "step": null, "ts": 1749057160.988834}]}, "version": 75, "at": 1749057160.988834}
{"obj": {"type": "LogFloats", "path": ["monitoring", "48364f8d", "cpu"], "values": [{"value": 100.0, "step": null, "ts": 1749057171.0300786}]}, "version": 76, "at": 1749057171.0300786}
{"obj": {"type": "LogFloats", "path": ["monitoring", "48364f8d", "memory"], "values": [{"value": 2.660991668701172, "step": null, "ts": 1749057171.0300786}]}, "version": 77, "at": 1749057171.0300786}
{"obj": {"type": "LogFloats", "path": ["monitoring", "48364f8d", "cpu"], "values": [{"value": 100.0, "step": null, "ts": 1749057181.0778053}]}, "version": 78, "at": 1749057181.0778053}
{"obj": {"type": "LogFloats", "path": ["monitoring", "48364f8d", "memory"], "values": [{"value": 2.7804222106933594, "step": null, "ts": 1749057181.0778053}]}, "version": 79, "at": 1749057181.0778053}
{"obj": {"type": "LogFloats", "path": ["monitoring", "48364f8d", "cpu"], "values": [{"value": 100.0, "step": null, "ts": 1749057191.0979393}]}, "version": 80, "at": 1749057191.0984757}
{"obj": {"type": "LogFloats", "path": ["monitoring", "48364f8d", "memory"], "values": [{"value": 2.6683387756347656, "step": null, "ts": 1749057191.0979393}]}, "version": 81, "at": 1749057191.0984757}
{"obj": {"type": "LogFloats", "path": ["monitoring", "48364f8d", "cpu"], "values": [{"value": 100.0, "step": null, "ts": 1749057201.1324697}]}, "version": 82, "at": 1749057201.1324697}
{"obj": {"type": "LogFloats", "path": ["monitoring", "48364f8d", "memory"], "values": [{"value": 2.6648178100585938, "step": null, "ts": 1749057201.1324697}]}, "version": 83, "at": 1749057201.1324697}
{"obj": {"type": "LogFloats", "path": ["monitoring", "48364f8d", "cpu"], "values": [{"value": 100.0, "step": null, "ts": 1749057211.208543}]}, "version": 84, "at": 1749057211.208543}
{"obj": {"type": "LogFloats", "path": ["monitoring", "48364f8d", "memory"], "values": [{"value": 2.684490203857422, "step": null, "ts": 1749057211.208543}]}, "version": 85, "at": 1749057211.208543}
{"obj": {"type": "LogFloats", "path": ["monitoring", "48364f8d", "cpu"], "values": [{"value": 100.0, "step": null, "ts": 1749057221.2364082}]}, "version": 86, "at": 1749057221.2364082}
{"obj": {"type": "LogFloats", "path": ["monitoring", "48364f8d", "memory"], "values": [{"value": 2.679157257080078, "step": null, "ts": 1749057221.2364082}]}, "version": 87, "at": 1749057221.2364082}
{"obj": {"type": "LogFloats", "path": ["monitoring", "48364f8d", "cpu"], "values": [{"value": 100.0, "step": null, "ts": 1749057231.2863169}]}, "version": 88, "at": 1749057231.2863169}
{"obj": {"type": "LogFloats", "path": ["monitoring", "48364f8d", "memory"], "values": [{"value": 2.6784629821777344, "step": null, "ts": 1749057231.2863169}]}, "version": 89, "at": 1749057231.2863169}
{"obj": {"type": "LogFloats", "path": ["monitoring", "48364f8d", "cpu"], "values": [{"value": 100.0, "step": null, "ts": 1749057241.3068137}]}, "version": 90, "at": 1749057241.307354}
{"obj": {"type": "LogFloats", "path": ["monitoring", "48364f8d", "memory"], "values": [{"value": 2.6956939697265625, "step": null, "ts": 1749057241.3068137}]}, "version": 91, "at": 1749057241.307354}
{"obj": {"type": "LogFloats", "path": ["monitoring", "48364f8d", "cpu"], "values": [{"value": 100.0, "step": null, "ts": 1749057251.3177335}]}, "version": 92, "at": 1749057251.3177335}
{"obj": {"type": "LogFloats", "path": ["monitoring", "48364f8d", "memory"], "values": [{"value": 2.720592498779297, "step": null, "ts": 1749057251.3177335}]}, "version": 93, "at": 1749057251.3333657}
{"obj": {"type": "LogFloats", "path": ["monitoring", "48364f8d", "cpu"], "values": [{"value": 100.0, "step": null, "ts": 1749057261.3779643}]}, "version": 94, "at": 1749057261.3785055}
{"obj": {"type": "LogFloats", "path": ["monitoring", "48364f8d", "memory"], "values": [{"value": 2.7331314086914062, "step": null, "ts": 1749057261.3779643}]}, "version": 95, "at": 1749057261.3785055}
{"obj": {"type": "LogFloats", "path": ["monitoring", "48364f8d", "cpu"], "values": [{"value": 100.0, "step": null, "ts": 1749057271.407091}]}, "version": 96, "at": 1749057271.407091}
{"obj": {"type": "LogFloats", "path": ["monitoring", "48364f8d", "memory"], "values": [{"value": 2.7186431884765625, "step": null, "ts": 1749057271.407091}]}, "version": 97, "at": 1749057271.407091}
{"obj": {"type": "LogFloats", "path": ["monitoring", "48364f8d", "cpu"], "values": [{"value": 100.0, "step": null, "ts": 1749057281.4269087}]}, "version": 98, "at": 1749057281.4269087}
{"obj": {"type": "LogFloats", "path": ["monitoring", "48364f8d", "memory"], "values": [{"value": 2.71844482421875, "step": null, "ts": 1749057281.4269087}]}, "version": 99, "at": 1749057281.4269087}
{"obj": {"type": "LogFloats", "path": ["monitoring", "48364f8d", "cpu"], "values": [{"value": 100.0, "step": null, "ts": 1749057291.4444811}]}, "version": 100, "at": 1749057291.4524934}
{"obj": {"type": "LogFloats", "path": ["monitoring", "48364f8d", "memory"], "values": [{"value": 2.7354049682617188, "step": null, "ts": 1749057291.4444811}]}, "version": 101, "at": 1749057291.4524934}
{"obj": {"type": "LogFloats", "path": ["monitoring", "48364f8d", "cpu"], "values": [{"value": 100.0, "step": null, "ts": 1749057301.4979515}]}, "version": 102, "at": 1749057301.4979515}
{"obj": {"type": "LogFloats", "path": ["monitoring", "48364f8d", "memory"], "values": [{"value": 2.7258758544921875, "step": null, "ts": 1749057301.4979515}]}, "version": 103, "at": 1749057301.5083218}
{"obj": {"type": "LogFloats", "path": ["monitoring", "48364f8d", "cpu"], "values": [{"value": 100.0, "step": null, "ts": 1749057311.571627}]}, "version": 104, "at": 1749057311.580177}
{"obj": {"type": "LogFloats", "path": ["monitoring", "48364f8d", "memory"], "values": [{"value": 2.7225914001464844, "step": null, "ts": 1749057311.571627}]}, "version": 105, "at": 1749057311.580177}
{"obj": {"type": "LogFloats", "path": ["monitoring", "48364f8d", "cpu"], "values": [{"value": 100.0, "step": null, "ts": 1749057321.6139088}]}, "version": 106, "at": 1749057321.6139088}
{"obj": {"type": "LogFloats", "path": ["monitoring", "48364f8d", "memory"], "values": [{"value": 2.7167015075683594, "step": null, "ts": 1749057321.6139088}]}, "version": 107, "at": 1749057321.6139088}
{"obj": {"type": "LogFloats", "path": ["monitoring", "48364f8d", "cpu"], "values": [{"value": 100.0, "step": null, "ts": 1749057331.6466267}]}, "version": 108, "at": 1749057331.6466267}
{"obj": {"type": "LogFloats", "path": ["monitoring", "48364f8d", "memory"], "values": [{"value": 2.706653594970703, "step": null, "ts": 1749057331.6466267}]}, "version": 109, "at": 1749057331.6466267}
{"obj": {"type": "LogFloats", "path": ["monitoring", "48364f8d", "cpu"], "values": [{"value": 100.0, "step": null, "ts": 1749057341.672929}]}, "version": 110, "at": 1749057341.672929}
{"obj": {"type": "LogFloats", "path": ["monitoring", "48364f8d", "memory"], "values": [{"value": 2.7053070068359375, "step": null, "ts": 1749057341.672929}]}, "version": 111, "at": 1749057341.672929}
{"obj": {"type": "LogFloats", "path": ["monitoring", "48364f8d", "cpu"], "values": [{"value": 100.0, "step": null, "ts": 1749057351.683133}]}, "version": 112, "at": 1749057351.6836746}
{"obj": {"type": "LogFloats", "path": ["monitoring", "48364f8d", "memory"], "values": [{"value": 2.7105979919433594, "step": null, "ts": 1749057351.683133}]}, "version": 113, "at": 1749057351.6836746}
{"obj": {"type": "LogFloats", "path": ["monitoring", "48364f8d", "cpu"], "values": [{"value": 100.0, "step": null, "ts": 1749057361.6964388}]}, "version": 114, "at": 1749057361.7120621}
{"obj": {"type": "LogFloats", "path": ["monitoring", "48364f8d", "memory"], "values": [{"value": 2.7046279907226562, "step": null, "ts": 1749057361.6964388}]}, "version": 115, "at": 1749057361.7120621}
{"obj": {"type": "LogStrings", "path": ["monitoring", "48364f8d", "stdout"], "values": [{"value": "[CV] END .....................C=0.1, gamma=scale, kernel=rbf; total time= 2.8min", "step": null, "ts": 1749057364.1279259}]}, "version": 116, "at": 1749057364.1279259}
{"obj": {"type": "LogStrings", "path": ["monitoring", "48364f8d", "stdout"], "values": [{"value": "\n", "step": null, "ts": 1749057364.1435466}]}, "version": 117, "at": 1749057364.1435466}
{"obj": {"type": "LogFloats", "path": ["monitoring", "48364f8d", "cpu"], "values": [{"value": 100.0, "step": null, "ts": 1749057371.7379587}]}, "version": 118, "at": 1749057371.7379587}
{"obj": {"type": "LogFloats", "path": ["monitoring", "48364f8d", "memory"], "values": [{"value": 2.7567672729492188, "step": null, "ts": 1749057371.7379587}]}, "version": 119, "at": 1749057371.7379587}
{"obj": {"type": "LogFloats", "path": ["monitoring", "48364f8d", "cpu"], "values": [{"value": 100.0, "step": null, "ts": 1749057381.7527127}]}, "version": 120, "at": 1749057381.7527127}
{"obj": {"type": "LogFloats", "path": ["monitoring", "48364f8d", "memory"], "values": [{"value": 2.805816650390625, "step": null, "ts": 1749057381.7527127}]}, "version": 121, "at": 1749057381.7527127}
{"obj": {"type": "LogFloats", "path": ["monitoring", "48364f8d", "cpu"], "values": [{"value": 100.0, "step": null, "ts": 1749057391.753353}]}, "version": 122, "at": 1749057391.753353}
{"obj": {"type": "LogFloats", "path": ["monitoring", "48364f8d", "memory"], "values": [{"value": 2.609630584716797, "step": null, "ts": 1749057391.753353}]}, "version": 123, "at": 1749057391.753353}
{"obj": {"type": "LogFloats", "path": ["monitoring", "48364f8d", "cpu"], "values": [{"value": 100.0, "step": null, "ts": 1749057401.774288}]}, "version": 124, "at": 1749057401.774288}
{"obj": {"type": "LogFloats", "path": ["monitoring", "48364f8d", "memory"], "values": [{"value": 2.7227325439453125, "step": null, "ts": 1749057401.774288}]}, "version": 125, "at": 1749057401.774288}
{"obj": {"type": "LogFloats", "path": ["monitoring", "48364f8d", "cpu"], "values": [{"value": 100.0, "step": null, "ts": 1749057411.8195915}]}, "version": 126, "at": 1749057411.8195915}
{"obj": {"type": "LogFloats", "path": ["monitoring", "48364f8d", "memory"], "values": [{"value": 2.627796173095703, "step": null, "ts": 1749057411.8195915}]}, "version": 127, "at": 1749057411.8195915}
{"obj": {"type": "LogFloats", "path": ["monitoring", "48364f8d", "cpu"], "values": [{"value": 100.0, "step": null, "ts": 1749057421.8459258}]}, "version": 128, "at": 1749057421.861546}
{"obj": {"type": "LogFloats", "path": ["monitoring", "48364f8d", "memory"], "values": [{"value": 2.6794090270996094, "step": null, "ts": 1749057421.8459258}]}, "version": 129, "at": 1749057421.861546}
{"obj": {"type": "LogFloats", "path": ["monitoring", "48364f8d", "cpu"], "values": [{"value": 100.0, "step": null, "ts": 1749057431.8664625}]}, "version": 130, "at": 1749057431.8664625}
{"obj": {"type": "LogFloats", "path": ["monitoring", "48364f8d", "memory"], "values": [{"value": 2.5591354370117188, "step": null, "ts": 1749057431.8664625}]}, "version": 131, "at": 1749057431.8664625}
{"obj": {"type": "LogFloats", "path": ["monitoring", "48364f8d", "cpu"], "values": [{"value": 100.0, "step": null, "ts": 1749057441.8939667}]}, "version": 132, "at": 1749057441.8945065}
{"obj": {"type": "LogFloats", "path": ["monitoring", "48364f8d", "memory"], "values": [{"value": 2.5652618408203125, "step": null, "ts": 1749057441.8939667}]}, "version": 133, "at": 1749057441.8945065}
{"obj": {"type": "LogFloats", "path": ["monitoring", "48364f8d", "cpu"], "values": [{"value": 100.0, "step": null, "ts": 1749057451.9395707}]}, "version": 134, "at": 1749057451.9395707}
{"obj": {"type": "LogFloats", "path": ["monitoring", "48364f8d", "memory"], "values": [{"value": 2.6630516052246094, "step": null, "ts": 1749057451.9395707}]}, "version": 135, "at": 1749057451.9395707}
{"obj": {"type": "LogFloats", "path": ["monitoring", "48364f8d", "cpu"], "values": [{"value": 100.0, "step": null, "ts": 1749057461.978293}]}, "version": 136, "at": 1749057461.978293}
{"obj": {"type": "LogFloats", "path": ["monitoring", "48364f8d", "memory"], "values": [{"value": 2.535350799560547, "step": null, "ts": 1749057461.978293}]}, "version": 137, "at": 1749057461.978293}
{"obj": {"type": "LogFloats", "path": ["monitoring", "48364f8d", "cpu"], "values": [{"value": 100.0, "step": null, "ts": 1749057471.9866698}]}, "version": 138, "at": 1749057471.9866698}
{"obj": {"type": "LogFloats", "path": ["monitoring", "48364f8d", "memory"], "values": [{"value": 2.6467628479003906, "step": null, "ts": 1749057471.9866698}]}, "version": 139, "at": 1749057471.9866698}
{"obj": {"type": "LogFloats", "path": ["monitoring", "48364f8d", "cpu"], "values": [{"value": 100.0, "step": null, "ts": 1749057482.0492964}]}, "version": 140, "at": 1749057482.0649238}
{"obj": {"type": "LogFloats", "path": ["monitoring", "48364f8d", "memory"], "values": [{"value": 2.5319442749023438, "step": null, "ts": 1749057482.0492964}]}, "version": 141, "at": 1749057482.0649238}
{"obj": {"type": "LogFloats", "path": ["monitoring", "48364f8d", "cpu"], "values": [{"value": 100.0, "step": null, "ts": 1749057492.099943}]}, "version": 142, "at": 1749057492.099943}
{"obj": {"type": "LogFloats", "path": ["monitoring", "48364f8d", "memory"], "values": [{"value": 2.6865081787109375, "step": null, "ts": 1749057492.099943}]}, "version": 143, "at": 1749057492.099943}
{"obj": {"type": "LogFloats", "path": ["monitoring", "48364f8d", "cpu"], "values": [{"value": 100.0, "step": null, "ts": 1749057502.128906}]}, "version": 144, "at": 1749057502.128906}
{"obj": {"type": "LogFloats", "path": ["monitoring", "48364f8d", "memory"], "values": [{"value": 2.5333099365234375, "step": null, "ts": 1749057502.128906}]}, "version": 145, "at": 1749057502.128906}
{"obj": {"type": "LogFloats", "path": ["monitoring", "48364f8d", "cpu"], "values": [{"value": 100.0, "step": null, "ts": 1749057512.2138162}]}, "version": 146, "at": 1749057512.2253888}
{"obj": {"type": "LogFloats", "path": ["monitoring", "48364f8d", "memory"], "values": [{"value": 2.5672760009765625, "step": null, "ts": 1749057512.2138162}]}, "version": 147, "at": 1749057512.2253888}
{"obj": {"type": "LogFloats", "path": ["monitoring", "48364f8d", "cpu"], "values": [{"value": 100.0, "step": null, "ts": 1749057522.2334008}]}, "version": 148, "at": 1749057522.2334008}
{"obj": {"type": "LogFloats", "path": ["monitoring", "48364f8d", "memory"], "values": [{"value": 2.565296173095703, "step": null, "ts": 1749057522.2334008}]}, "version": 149, "at": 1749057522.2334008}
{"obj": {"type": "LogFloats", "path": ["monitoring", "48364f8d", "cpu"], "values": [{"value": 100.0, "step": null, "ts": 1749057532.2639117}]}, "version": 150, "at": 1749057532.2639117}
{"obj": {"type": "LogFloats", "path": ["monitoring", "48364f8d", "memory"], "values": [{"value": 2.5657424926757812, "step": null, "ts": 1749057532.2639117}]}, "version": 151, "at": 1749057532.2639117}
{"obj": {"type": "LogFloats", "path": ["monitoring", "48364f8d", "cpu"], "values": [{"value": 100.0, "step": null, "ts": 1749057542.2820406}]}, "version": 152, "at": 1749057542.2820406}
{"obj": {"type": "LogFloats", "path": ["monitoring", "48364f8d", "memory"], "values": [{"value": 2.56591796875, "step": null, "ts": 1749057542.2820406}]}, "version": 153, "at": 1749057542.2820406}
{"obj": {"type": "LogFloats", "path": ["monitoring", "48364f8d", "cpu"], "values": [{"value": 100.0, "step": null, "ts": 1749057552.3053684}]}, "version": 154, "at": 1749057552.3053684}
{"obj": {"type": "LogFloats", "path": ["monitoring", "48364f8d", "memory"], "values": [{"value": 2.5653419494628906, "step": null, "ts": 1749057552.3053684}]}, "version": 155, "at": 1749057552.3053684}
{"obj": {"type": "LogFloats", "path": ["monitoring", "48364f8d", "cpu"], "values": [{"value": 100.0, "step": null, "ts": 1749057562.3367584}]}, "version": 156, "at": 1749057562.3373003}
{"obj": {"type": "LogFloats", "path": ["monitoring", "48364f8d", "memory"], "values": [{"value": 2.5700531005859375, "step": null, "ts": 1749057562.3367584}]}, "version": 157, "at": 1749057562.3373003}
{"obj": {"type": "LogFloats", "path": ["monitoring", "48364f8d", "cpu"], "values": [{"value": 100.0, "step": null, "ts": 1749057572.3694882}]}, "version": 158, "at": 1749057572.3694882}
{"obj": {"type": "LogFloats", "path": ["monitoring", "48364f8d", "memory"], "values": [{"value": 2.562030792236328, "step": null, "ts": 1749057572.3694882}]}, "version": 159, "at": 1749057572.3694882}
{"obj": {"type": "LogFloats", "path": ["monitoring", "48364f8d", "cpu"], "values": [{"value": 100.0, "step": null, "ts": 1749057582.3826776}]}, "version": 160, "at": 1749057582.3826776}
{"obj": {"type": "LogFloats", "path": ["monitoring", "48364f8d", "memory"], "values": [{"value": 2.563140869140625, "step": null, "ts": 1749057582.3826776}]}, "version": 161, "at": 1749057582.3826776}
{"obj": {"type": "LogFloats", "path": ["monitoring", "48364f8d", "cpu"], "values": [{"value": 100.0, "step": null, "ts": 1749057592.4076047}]}, "version": 162, "at": 1749057592.4076047}
{"obj": {"type": "LogFloats", "path": ["monitoring", "48364f8d", "memory"], "values": [{"value": 2.5632362365722656, "step": null, "ts": 1749057592.4076047}]}, "version": 163, "at": 1749057592.4076047}
{"obj": {"type": "LogFloats", "path": ["monitoring", "48364f8d", "cpu"], "values": [{"value": 100.0, "step": null, "ts": 1749057602.44518}]}, "version": 164, "at": 1749057602.44518}
{"obj": {"type": "LogFloats", "path": ["monitoring", "48364f8d", "memory"], "values": [{"value": 2.5627517700195312, "step": null, "ts": 1749057602.44518}]}, "version": 165, "at": 1749057602.44518}
{"obj": {"type": "LogFloats", "path": ["monitoring", "48364f8d", "cpu"], "values": [{"value": 100.0, "step": null, "ts": 1749057612.4711144}]}, "version": 166, "at": 1749057612.4711144}
{"obj": {"type": "LogFloats", "path": ["monitoring", "48364f8d", "memory"], "values": [{"value": 2.5652999877929688, "step": null, "ts": 1749057612.4711144}]}, "version": 167, "at": 1749057612.4711144}
{"obj": {"type": "LogFloats", "path": ["monitoring", "48364f8d", "cpu"], "values": [{"value": 100.0, "step": null, "ts": 1749057622.5194206}]}, "version": 168, "at": 1749057622.5194206}
{"obj": {"type": "LogFloats", "path": ["monitoring", "48364f8d", "memory"], "values": [{"value": 2.5611228942871094, "step": null, "ts": 1749057622.5194206}]}, "version": 169, "at": 1749057622.5194206}
{"obj": {"type": "LogFloats", "path": ["monitoring", "48364f8d", "cpu"], "values": [{"value": 100.0, "step": null, "ts": 1749057632.5406506}]}, "version": 170, "at": 1749057632.5406506}
{"obj": {"type": "LogFloats", "path": ["monitoring", "48364f8d", "memory"], "values": [{"value": 2.5654678344726562, "step": null, "ts": 1749057632.5406506}]}, "version": 171, "at": 1749057632.5406506}
{"obj": {"type": "LogFloats", "path": ["monitoring", "48364f8d", "cpu"], "values": [{"value": 100.0, "step": null, "ts": 1749057642.5839622}]}, "version": 172, "at": 1749057642.5839622}
{"obj": {"type": "LogFloats", "path": ["monitoring", "48364f8d", "memory"], "values": [{"value": 2.559741973876953, "step": null, "ts": 1749057642.5839622}]}, "version": 173, "at": 1749057642.5839622}
{"obj": {"type": "LogFloats", "path": ["monitoring", "48364f8d", "cpu"], "values": [{"value": 100.0, "step": null, "ts": 1749057652.6005774}]}, "version": 174, "at": 1749057652.6005774}
{"obj": {"type": "LogFloats", "path": ["monitoring", "48364f8d", "memory"], "values": [{"value": 2.559284210205078, "step": null, "ts": 1749057652.6005774}]}, "version": 175, "at": 1749057652.6005774}
{"obj": {"type": "LogFloats", "path": ["monitoring", "48364f8d", "cpu"], "values": [{"value": 100.0, "step": null, "ts": 1749057662.6292753}]}, "version": 176, "at": 1749057662.6292753}
{"obj": {"type": "LogFloats", "path": ["monitoring", "48364f8d", "memory"], "values": [{"value": 2.5621337890625, "step": null, "ts": 1749057662.6292753}]}, "version": 177, "at": 1749057662.6292753}
{"obj": {"type": "LogFloats", "path": ["monitoring", "48364f8d", "cpu"], "values": [{"value": 100.0, "step": null, "ts": 1749057672.6779397}]}, "version": 178, "at": 1749057672.6779397}
{"obj": {"type": "LogFloats", "path": ["monitoring", "48364f8d", "memory"], "values": [{"value": 2.5627708435058594, "step": null, "ts": 1749057672.6779397}]}, "version": 179, "at": 1749057672.6779397}
{"obj": {"type": "LogFloats", "path": ["monitoring", "48364f8d", "cpu"], "values": [{"value": 100.0, "step": null, "ts": 1749057682.720013}]}, "version": 180, "at": 1749057682.7205474}
{"obj": {"type": "LogFloats", "path": ["monitoring", "48364f8d", "memory"], "values": [{"value": 2.5685653686523438, "step": null, "ts": 1749057682.720013}]}, "version": 181, "at": 1749057682.7205474}
{"obj": {"type": "LogFloats", "path": ["monitoring", "48364f8d", "cpu"], "values": [{"value": 100.0, "step": null, "ts": 1749057692.727063}]}, "version": 182, "at": 1749057692.727063}
{"obj": {"type": "LogFloats", "path": ["monitoring", "48364f8d", "memory"], "values": [{"value": 2.5629348754882812, "step": null, "ts": 1749057692.727063}]}, "version": 183, "at": 1749057692.727063}
{"obj": {"type": "LogFloats", "path": ["monitoring", "48364f8d", "cpu"], "values": [{"value": 100.0, "step": null, "ts": 1749057702.7696128}]}, "version": 184, "at": 1749057702.7696128}
{"obj": {"type": "LogFloats", "path": ["monitoring", "48364f8d", "memory"], "values": [{"value": 2.563922882080078, "step": null, "ts": 1749057702.7696128}]}, "version": 185, "at": 1749057702.7696128}
{"obj": {"type": "LogFloats", "path": ["monitoring", "48364f8d", "cpu"], "values": [{"value": 100.0, "step": null, "ts": 1749057712.8139243}]}, "version": 186, "at": 1749057712.8295429}
{"obj": {"type": "LogFloats", "path": ["monitoring", "48364f8d", "memory"], "values": [{"value": 2.563823699951172, "step": null, "ts": 1749057712.8139243}]}, "version": 187, "at": 1749057712.8295429}
{"obj": {"type": "LogFloats", "path": ["monitoring", "48364f8d", "cpu"], "values": [{"value": 100.0, "step": null, "ts": 1749057723.7119129}]}, "version": 188, "at": 1749057723.7206643}
{"obj": {"type": "LogFloats", "path": ["monitoring", "48364f8d", "memory"], "values": [{"value": 2.6005210876464844, "step": null, "ts": 1749057723.7119129}]}, "version": 189, "at": 1749057723.7206643}
{"obj": {"type": "LogFloats", "path": ["monitoring", "48364f8d", "cpu"], "values": [{"value": 100.0, "step": null, "ts": 1749057734.1963944}]}, "version": 190, "at": 1749057734.1963944}
{"obj": {"type": "LogFloats", "path": ["monitoring", "48364f8d", "memory"], "values": [{"value": 2.6131858825683594, "step": null, "ts": 1749057734.1963944}]}, "version": 191, "at": 1749057734.1963944}
{"obj": {"type": "LogFloats", "path": ["monitoring", "48364f8d", "cpu"], "values": [{"value": 100.0, "step": null, "ts": 1749057744.258639}]}, "version": 192, "at": 1749057744.258639}
{"obj": {"type": "LogFloats", "path": ["monitoring", "48364f8d", "memory"], "values": [{"value": 2.643695831298828, "step": null, "ts": 1749057744.258639}]}, "version": 193, "at": 1749057744.258639}
{"obj": {"type": "LogFloats", "path": ["monitoring", "48364f8d", "cpu"], "values": [{"value": 100.0, "step": null, "ts": 1749057754.3007314}]}, "version": 194, "at": 1749057754.3007314}
{"obj": {"type": "LogFloats", "path": ["monitoring", "48364f8d", "memory"], "values": [{"value": 2.6554183959960938, "step": null, "ts": 1749057754.3007314}]}, "version": 195, "at": 1749057754.3007314}
{"obj": {"type": "LogFloats", "path": ["monitoring", "48364f8d", "cpu"], "values": [{"value": 100.0, "step": null, "ts": 1749057764.3957305}]}, "version": 196, "at": 1749057764.3957305}
{"obj": {"type": "LogFloats", "path": ["monitoring", "48364f8d", "memory"], "values": [{"value": 2.6621665954589844, "step": null, "ts": 1749057764.3957305}]}, "version": 197, "at": 1749057764.3957305}
{"obj": {"type": "LogFloats", "path": ["monitoring", "48364f8d", "cpu"], "values": [{"value": 100.0, "step": null, "ts": 1749057774.432408}]}, "version": 198, "at": 1749057774.4480278}
{"obj": {"type": "LogFloats", "path": ["monitoring", "48364f8d", "memory"], "values": [{"value": 2.673290252685547, "step": null, "ts": 1749057774.432408}]}, "version": 199, "at": 1749057774.4480278}
{"obj": {"type": "LogFloats", "path": ["monitoring", "48364f8d", "cpu"], "values": [{"value": 100.0, "step": null, "ts": 1749057784.4987612}]}, "version": 200, "at": 1749057784.4987612}
{"obj": {"type": "LogFloats", "path": ["monitoring", "48364f8d", "memory"], "values": [{"value": 2.6907424926757812, "step": null, "ts": 1749057784.4987612}]}, "version": 201, "at": 1749057784.4987612}
{"obj": {"type": "LogFloats", "path": ["monitoring", "48364f8d", "cpu"], "values": [{"value": 100.0, "step": null, "ts": 1749057794.5993226}]}, "version": 202, "at": 1749057794.5993226}
{"obj": {"type": "LogFloats", "path": ["monitoring", "48364f8d", "memory"], "values": [{"value": 2.6195449829101562, "step": null, "ts": 1749057794.5993226}]}, "version": 203, "at": 1749057794.5993226}
{"obj": {"type": "LogFloats", "path": ["monitoring", "48364f8d", "cpu"], "values": [{"value": 100.0, "step": null, "ts": 1749057804.6325848}]}, "version": 204, "at": 1749057804.6794593}
{"obj": {"type": "LogFloats", "path": ["monitoring", "48364f8d", "memory"], "values": [{"value": 2.6150894165039062, "step": null, "ts": 1749057804.6325848}]}, "version": 205, "at": 1749057804.6794593}
{"obj": {"type": "LogFloats", "path": ["monitoring", "48364f8d", "cpu"], "values": [{"value": 100.0, "step": null, "ts": 1749057814.8215652}]}, "version": 206, "at": 1749057814.8215652}
{"obj": {"type": "LogFloats", "path": ["monitoring", "48364f8d", "memory"], "values": [{"value": 2.6152267456054688, "step": null, "ts": 1749057814.8215652}]}, "version": 207, "at": 1749057814.8215652}
{"obj": {"type": "LogFloats", "path": ["monitoring", "48364f8d", "cpu"], "values": [{"value": 100.0, "step": null, "ts": 1749057825.1311812}]}, "version": 208, "at": 1749057825.1311812}
{"obj": {"type": "LogFloats", "path": ["monitoring", "48364f8d", "memory"], "values": [{"value": 2.6063194274902344, "step": null, "ts": 1749057825.1311812}]}, "version": 209, "at": 1749057825.1311812}
{"obj": {"type": "LogFloats", "path": ["monitoring", "48364f8d", "cpu"], "values": [{"value": 100.0, "step": null, "ts": 1749057835.188314}]}, "version": 210, "at": 1749057835.188314}
{"obj": {"type": "LogFloats", "path": ["monitoring", "48364f8d", "memory"], "values": [{"value": 2.62200927734375, "step": null, "ts": 1749057835.188314}]}, "version": 211, "at": 1749057835.188314}
{"obj": {"type": "LogFloats", "path": ["monitoring", "48364f8d", "cpu"], "values": [{"value": 100.0, "step": null, "ts": 1749057845.226471}]}, "version": 212, "at": 1749057845.226471}
{"obj": {"type": "LogFloats", "path": ["monitoring", "48364f8d", "memory"], "values": [{"value": 2.6204185485839844, "step": null, "ts": 1749057845.226471}]}, "version": 213, "at": 1749057845.226471}
{"obj": {"type": "LogStrings", "path": ["monitoring", "48364f8d", "stdout"], "values": [{"value": "[CV] END .....................C=0.1, gamma=scale, kernel=rbf; total time= 4.8min", "step": null, "ts": 1749057854.9412913}]}, "version": 214, "at": 1749057854.9412913}
{"obj": {"type": "LogStrings", "path": ["monitoring", "48364f8d", "stdout"], "values": [{"value": "\n", "step": null, "ts": 1749057855.067}]}, "version": 215, "at": 1749057855.067}
{"obj": {"type": "LogFloats", "path": ["monitoring", "48364f8d", "cpu"], "values": [{"value": 100.0, "step": null, "ts": 1749057855.7393188}]}, "version": 216, "at": 1749057855.7393188}
{"obj": {"type": "LogFloats", "path": ["monitoring", "48364f8d", "memory"], "values": [{"value": 2.5682373046875, "step": null, "ts": 1749057855.7393188}]}, "version": 217, "at": 1749057855.7393188}
{"obj": {"type": "LogFloats", "path": ["monitoring", "48364f8d", "cpu"], "values": [{"value": 100.0, "step": null, "ts": 1749057865.927361}]}, "version": 218, "at": 1749057865.9278998}
{"obj": {"type": "LogFloats", "path": ["monitoring", "48364f8d", "memory"], "values": [{"value": 2.6234397888183594, "step": null, "ts": 1749057865.927361}]}, "version": 219, "at": 1749057865.9278998}
{"obj": {"type": "LogFloats", "path": ["monitoring", "48364f8d", "cpu"], "values": [{"value": 100.0, "step": null, "ts": 1749057875.97684}]}, "version": 220, "at": 1749057875.97684}
{"obj": {"type": "LogFloats", "path": ["monitoring", "48364f8d", "memory"], "values": [{"value": 2.7540435791015625, "step": null, "ts": 1749057875.97684}]}, "version": 221, "at": 1749057875.97684}
{"obj": {"type": "LogFloats", "path": ["monitoring", "48364f8d", "cpu"], "values": [{"value": 100.0, "step": null, "ts": 1749057886.0209723}]}, "version": 222, "at": 1749057886.0209723}
{"obj": {"type": "LogFloats", "path": ["monitoring", "48364f8d", "memory"], "values": [{"value": 2.8273887634277344, "step": null, "ts": 1749057886.0209723}]}, "version": 223, "at": 1749057886.0209723}
{"obj": {"type": "LogFloats", "path": ["monitoring", "48364f8d", "cpu"], "values": [{"value": 100.0, "step": null, "ts": 1749057896.0385683}]}, "version": 224, "at": 1749057896.0385683}
{"obj": {"type": "LogFloats", "path": ["monitoring", "48364f8d", "memory"], "values": [{"value": 2.8419837951660156, "step": null, "ts": 1749057896.0385683}]}, "version": 225, "at": 1749057896.0385683}
{"obj": {"type": "LogFloats", "path": ["monitoring", "48364f8d", "cpu"], "values": [{"value": 100.0, "step": null, "ts": 1749057906.090436}]}, "version": 226, "at": 1749057906.1060638}
{"obj": {"type": "LogFloats", "path": ["monitoring", "48364f8d", "memory"], "values": [{"value": 2.729473114013672, "step": null, "ts": 1749057906.090436}]}, "version": 227, "at": 1749057906.1060638}
{"obj": {"type": "LogFloats", "path": ["monitoring", "48364f8d", "cpu"], "values": [{"value": 100.0, "step": null, "ts": 1749057916.1921468}]}, "version": 228, "at": 1749057916.1926887}
{"obj": {"type": "LogFloats", "path": ["monitoring", "48364f8d", "memory"], "values": [{"value": 2.743572235107422, "step": null, "ts": 1749057916.1921468}]}, "version": 229, "at": 1749057916.1926887}
{"obj": {"type": "LogFloats", "path": ["monitoring", "48364f8d", "cpu"], "values": [{"value": 100.0, "step": null, "ts": 1749057926.2291594}]}, "version": 230, "at": 1749057926.2291594}
{"obj": {"type": "LogFloats", "path": ["monitoring", "48364f8d", "memory"], "values": [{"value": 2.791534423828125, "step": null, "ts": 1749057926.2291594}]}, "version": 231, "at": 1749057926.2291594}
{"obj": {"type": "LogFloats", "path": ["monitoring", "48364f8d", "cpu"], "values": [{"value": 100.0, "step": null, "ts": 1749057936.2390954}]}, "version": 232, "at": 1749057936.2390954}
{"obj": {"type": "LogFloats", "path": ["monitoring", "48364f8d", "memory"], "values": [{"value": 2.8274078369140625, "step": null, "ts": 1749057936.2390954}]}, "version": 233, "at": 1749057936.2390954}
